<?xml version="1.0" encoding="UTF-8"?>
<robot generator="Robot 7.2.2 (Python 3.13.3 on win32)" generated="2025-05-18T14:50:48.567791" rpa="false" schemaversion="5">
<suite id="s1" name="Achados Dev" source="C:\Users\Davisão\Desktop\robot\Codigos\RobotProject\RobotProject\achados_dev.robot">
<test id="s1-t1" name="CT30 - Tentar acessar uma parte do sistema como usuario invalido usando URL" line="21">
<kw name="Abrir o navegador" owner="achados_browser" type="SETUP">
<kw name="Open Browser" owner="SeleniumLibrary">
<msg time="2025-05-18T14:50:48.854841" level="INFO">Opening browser 'chrome' to base url 'None'.</msg>
<arg>browser=${BROWSER}</arg>
<doc>Opens a new browser instance to the optional ``url``.</doc>
<status status="PASS" start="2025-05-18T14:50:48.854652" elapsed="1.211660"/>
</kw>
<kw name="Maximize Browser Window" owner="SeleniumLibrary">
<doc>Maximizes current browser window.</doc>
<status status="PASS" start="2025-05-18T14:50:50.066507" elapsed="0.037864"/>
</kw>
<status status="PASS" start="2025-05-18T14:50:48.854064" elapsed="1.250440"/>
</kw>
<kw name="Acessar a pagina home do site" owner="achados_login">
<kw name="Go To" owner="SeleniumLibrary">
<msg time="2025-05-18T14:50:50.105330" level="INFO">Opening url 'http://localhost/PUC-Achados/'</msg>
<arg>url=${URL}</arg>
<doc>Navigates the current browser window to the provided ``url``.</doc>
<status status="PASS" start="2025-05-18T14:50:50.105192" elapsed="0.098096"/>
</kw>
<status status="PASS" start="2025-05-18T14:50:50.104934" elapsed="0.098561"/>
</kw>
<kw name="Acessar a pagina login" owner="achados_login">
<kw name="Click Element" owner="SeleniumLibrary">
<msg time="2025-05-18T14:50:50.205090" level="INFO">Clicking element 'css=a[id="login_sem_cadastro"] img'.</msg>
<arg>css=a[id="login_sem_cadastro"] img</arg>
<doc>Click the element identified by ``locator``.</doc>
<status status="PASS" start="2025-05-18T14:50:50.204585" elapsed="0.178210"/>
</kw>
<status status="PASS" start="2025-05-18T14:50:50.204156" elapsed="0.178744"/>
</kw>
<kw name="Logar como ALU" owner="achados_login">
<kw name="Input Text" owner="SeleniumLibrary">
<msg time="2025-05-18T14:50:50.383931" level="INFO">Typing text 'aluno@pucpr.edu.br' into text field 'css:input[id=email_id]'.</msg>
<arg>css:input[id=email_id]</arg>
<arg>${USUARIO_ALU}</arg>
<doc>Types the given ``text`` into the text field identified by ``locator``.</doc>
<status status="PASS" start="2025-05-18T14:50:50.383669" elapsed="0.068888"/>
</kw>
<kw name="Input Text" owner="SeleniumLibrary">
<msg time="2025-05-18T14:50:50.452933" level="INFO">Typing text 'aluno486ç-' into text field 'css:input[id=senha_id]'.</msg>
<arg>css:input[id=senha_id]</arg>
<arg>${SENHA_ALU}</arg>
<doc>Types the given ``text`` into the text field identified by ``locator``.</doc>
<status status="PASS" start="2025-05-18T14:50:50.452732" elapsed="0.053548"/>
</kw>
<kw name="Click Element" owner="SeleniumLibrary">
<msg time="2025-05-18T14:50:50.506599" level="INFO">Clicking element 'css:input[id=enviar]'.</msg>
<arg>css:input[id=enviar]</arg>
<doc>Click the element identified by ``locator``.</doc>
<status status="PASS" start="2025-05-18T14:50:50.506446" elapsed="0.045371"/>
</kw>
<kw name="Sleep" owner="BuiltIn">
<msg time="2025-05-18T14:50:53.552328" level="INFO">Slept 3 seconds.</msg>
<arg>3s</arg>
<doc>Pauses the test executed for the given time.</doc>
<status status="PASS" start="2025-05-18T14:50:50.551990" elapsed="3.000470"/>
</kw>
<kw name="Page Should Contain" owner="SeleniumLibrary">
<msg time="2025-05-18T14:50:53.565357" level="INFO">Current page contains text 'Aluno Generico'.</msg>
<arg>${NAME_ALU}</arg>
<doc>Verifies that current page contains ``text``.</doc>
<status status="PASS" start="2025-05-18T14:50:53.552649" elapsed="0.012800"/>
</kw>
<status status="PASS" start="2025-05-18T14:50:50.383346" elapsed="3.182188"/>
</kw>
<kw name="Acessar a pagina gerenciar_fun" owner="achados_c30">
<kw name="Go To" owner="SeleniumLibrary">
<msg time="2025-05-18T14:50:53.566268" level="INFO">Opening url 'http://localhost/PUC-Achados/'</msg>
<arg>url=${URL}</arg>
<doc>Navigates the current browser window to the provided ``url``.</doc>
<status status="PASS" start="2025-05-18T14:50:53.566137" elapsed="0.028594"/>
</kw>
<status status="PASS" start="2025-05-18T14:50:53.565895" elapsed="0.029019"/>
</kw>
<kw name="Verificar Pagina Nao-Autorizado" owner="achados_c30">
<kw name="Wait Until Location Contains" owner="SeleniumLibrary">
<msg time="2025-05-18T14:51:08.819358" level="INFO" html="true">&lt;/td&gt;&lt;/tr&gt;&lt;tr&gt;&lt;td colspan="3"&gt;&lt;a href="selenium-screenshot-18.png"&gt;&lt;img src="selenium-screenshot-18.png" width="800px"&gt;&lt;/a&gt;</msg>
<msg time="2025-05-18T14:51:08.819554" level="FAIL">Location did not contain '/nao_autorizado/nao_autorizado.html' in 15 seconds.</msg>
<arg>/nao_autorizado/nao_autorizado.html</arg>
<arg>timeout=15s</arg>
<doc>Waits until the current URL contains ``expected``.</doc>
<status status="FAIL" start="2025-05-18T14:50:53.595633" elapsed="15.226912">Location did not contain '/nao_autorizado/nao_autorizado.html' in 15 seconds.</status>
</kw>
<kw name="Location Should Be" owner="SeleniumLibrary">
<arg>http://localhost/PUC-Achados/nao_autorizado/nao_autorizado.html</arg>
<doc>Verifies that the current URL is exactly ``url``.</doc>
<status status="NOT RUN" start="2025-05-18T14:51:08.822721" elapsed="0.000029"/>
</kw>
<status status="FAIL" start="2025-05-18T14:50:53.595341" elapsed="15.227571">Location did not contain '/nao_autorizado/nao_autorizado.html' in 15 seconds.</status>
</kw>
<kw name="Fechar o navegador" owner="achados_browser" type="TEARDOWN">
<kw name="Capture Page Screenshot" owner="SeleniumLibrary">
<msg time="2025-05-18T14:51:08.940783" level="INFO" html="true">&lt;/td&gt;&lt;/tr&gt;&lt;tr&gt;&lt;td colspan="3"&gt;&lt;a href="selenium-screenshot-19.png"&gt;&lt;img src="selenium-screenshot-19.png" width="800px"&gt;&lt;/a&gt;</msg>
<doc>Takes a screenshot of the current page and embeds it into a log file.</doc>
<status status="PASS" start="2025-05-18T14:51:08.823561" elapsed="0.117360"/>
</kw>
<kw name="Close Browser" owner="SeleniumLibrary">
<doc>Closes the current browser.</doc>
<status status="PASS" start="2025-05-18T14:51:08.941099" elapsed="2.147567"/>
</kw>
<status status="PASS" start="2025-05-18T14:51:08.823332" elapsed="2.265443"/>
</kw>
<doc>Acessar parte Interna do sistema com usuario invalido</doc>
<tag>seguranca</tag>
<status status="FAIL" start="2025-05-18T14:50:48.853219" elapsed="22.235809">Location did not contain '/nao_autorizado/nao_autorizado.html' in 15 seconds.</status>
</test>
<doc>Essa suíte testa o funcionalidades do projeto PUC_Achados</doc>
<status status="FAIL" start="2025-05-18T14:50:48.569212" elapsed="22.521449"/>
</suite>
<statistics>
<total>
<stat pass="0" fail="1" skip="0">All Tests</stat>
</total>
<tag>
<stat pass="0" fail="1" skip="0">seguranca</stat>
</tag>
<suite>
<stat name="Achados Dev" id="s1" pass="0" fail="1" skip="0">Achados Dev</stat>
</suite>
</statistics>
<errors>
</errors>
</robot>
